<?xml version="1.0" encoding="UTF-8"?>
<testsuite xmlns:xsi="http://www.w3.org/2001/XMLSchema-instance" xsi:noNamespaceSchemaLocation="https://maven.apache.org/surefire/maven-surefire-plugin/xsd/surefire-test-report-3.0.xsd" version="3.0" name="com.psnm.mcp.meetingroom.MeetingRoomMcpApplicationTests" time="1.153" tests="1" errors="0" skipped="0" failures="0">
  <properties>
[...]
</properties>
  <testcase name="contextLoads" classname="com.psnm.mcp.meetingroom.MeetingRoomMcpApplicationTests" time="0.318">
    <system-out><![CDATA[13:31:24.872 [main] INFO org.springframework.test.context.support.AnnotationConfigContextLoaderUtils -- Could not detect default configuration classes for test class [com.psnm.mcp.meetingroom.MeetingRoomMcpApplicationTests]: MeetingRoomMcpApplicationTests does not declare any static, non-private, non-final, nested classes annotated with @Configuration.
13:31:24.907 [main] INFO org.springframework.boot.test.context.SpringBootTestContextBootstrapper -- Found @SpringBootConfiguration com.psnm.mcp.meetingroom.MeetingRoomMcpApplication for test class com.psnm.mcp.meetingroom.MeetingRoomMcpApplicationTests

  .   ____          _            __ _ _
 /\\ / ___'_ __ _ _(_)_ __  __ _ \ \ \ \
( ( )\___ | '_ | '_| | '_ \/ _` | \ \ \ \
 \\/  ___)| |_)| | | | | || (_| |  ) ) ) )
  '  |____| .__|_| |_|_| |_\__, | / / / /
 =========|_|==============|___/=/_/_/_/

 :: Spring Boot ::                (v3.3.5)

2026-05-19T13:31:25.066+09:00  INFO 2534741 --- [meeting-room-mcp] [           main] c.p.m.m.MeetingRoomMcpApplicationTests   : Starting MeetingRoomMcpApplicationTests using Java 17.0.18 with PID 2534741 (started by appmanager in /home/appmanager/workspace/meeting-room-mcp)
2026-05-19T13:31:25.067+09:00 DEBUG 2534741 --- [meeting-room-mcp] [           main] c.p.m.m.MeetingRoomMcpApplicationTests   : Running with Spring Boot v3.3.5, Spring v6.1.14
2026-05-19T13:31:25.067+09:00  INFO 2534741 --- [meeting-room-mcp] [           main] c.p.m.m.MeetingRoomMcpApplicationTests   : No active profile set, falling back to 1 default profile: "default"
2026-05-19T13:31:25.322+09:00  WARN 2534741 --- [meeting-room-mcp] [           main] trationDelegate$BeanPostProcessorChecker : Bean 'org.springframework.ai.mcp.server.common.autoconfigure.annotations.McpServerAnnotationScannerAutoConfiguration' of type [org.springframework.ai.mcp.server.common.autoconfigure.annotations.McpServerAnnotationScannerAutoConfiguration] is not eligible for getting processed by all BeanPostProcessors (for example: not eligible for auto-proxying). Is this bean getting eagerly injected/applied to a currently created BeanPostProcessor [serverAnnotatedMethodBeanPostProcessor]? Check the corresponding BeanPostProcessor declaration and its dependencies/advisors. If this bean does not have to be post-processed, declare it with ROLE_INFRASTRUCTURE.
2026-05-19T13:31:25.323+09:00  WARN 2534741 --- [meeting-room-mcp] [           main] trationDelegate$BeanPostProcessorChecker : Bean 'serverAnnotatedBeanRegistry' of type [org.springframework.ai.mcp.server.common.autoconfigure.annotations.McpServerAnnotationScannerAutoConfiguration$ServerMcpAnnotatedBeans] is not eligible for getting processed by all BeanPostProcessors (for example: not eligible for auto-proxying). Is this bean getting eagerly injected/applied to a currently created BeanPostProcessor [serverAnnotatedMethodBeanPostProcessor]? Check the corresponding BeanPostProcessor declaration and its dependencies/advisors. If this bean does not have to be post-processed, declare it with ROLE_INFRASTRUCTURE.
2026-05-19T13:31:25.327+09:00  WARN 2534741 --- [meeting-room-mcp] [           main] trationDelegate$BeanPostProcessorChecker : Bean 'spring.ai.mcp.server.annotation-scanner-org.springframework.ai.mcp.server.common.autoconfigure.annotations.McpServerAnnotationScannerProperties' of type [org.springframework.ai.mcp.server.common.autoconfigure.annotations.McpServerAnnotationScannerProperties] is not eligible for getting processed by all BeanPostProcessors (for example: not eligible for auto-proxying). Is this bean getting eagerly injected/applied to a currently created BeanPostProcessor [serverAnnotatedMethodBeanPostProcessor]? Check the corresponding BeanPostProcessor declaration and its dependencies/advisors. If this bean does not have to be post-processed, declare it with ROLE_INFRASTRUCTURE.
2026-05-19T13:31:25.599+09:00  WARN 2534741 --- [meeting-room-mcp] [           main] o.s.m.provider.tool.SyncMcpToolProvider  : No tool methods found in the provided tool objects: []
2026-05-19T13:31:25.604+09:00  INFO 2534741 --- [meeting-room-mcp] [           main] o.s.a.m.s.c.a.McpServerAutoConfiguration : Enable tools capabilities, notification: true
2026-05-19T13:31:25.605+09:00  INFO 2534741 --- [meeting-room-mcp] [           main] o.s.a.m.s.c.a.McpServerAutoConfiguration : Enable resources capabilities, notification: true
2026-05-19T13:31:25.605+09:00  INFO 2534741 --- [meeting-room-mcp] [           main] o.s.a.m.s.c.a.McpServerAutoConfiguration : Enable resources templates capabilities, notification: true
2026-05-19T13:31:25.606+09:00  INFO 2534741 --- [meeting-room-mcp] [           main] o.s.a.m.s.c.a.McpServerAutoConfiguration : Enable prompts capabilities, notification: true
2026-05-19T13:31:25.606+09:00  INFO 2534741 --- [meeting-room-mcp] [           main] o.s.a.m.s.c.a.McpServerAutoConfiguration : Enable completions capabilities
2026-05-19T13:31:25.651+09:00  INFO 2534741 --- [meeting-room-mcp] [           main] c.p.m.m.MeetingRoomMcpApplicationTests   : Started MeetingRoomMcpApplicationTests in 0.7 seconds (process running for 0.996)
]]></system-out>
  </testcase>
</testsuite>